<?xml version="1.0" encoding="UTF-8"?>
<!-- Generated by org.testng.reporters.JUnitXMLReporter -->
<testsuite ignored="0" hostname="WKWZTS8bfHZTnVQ" failures="0" tests="1" name="Test1" time="0.07" errors="0" timestamp="2022-11-24T12:08:05 IST">
  <testcase classname="day5.SeleniumGridDemo" name="@BeforeMethod setup" time="-1.66927188513E9">
    <failure type="org.testng.TestNGException" message="
Parameter &amp;apos;os&amp;apos; is required by BeforeMethod on method setup but has not been marked @Optional or defined
in C:\Users\yarthanm\selenium\SeleniumTraining\testng1.xml">
      <![CDATA[org.testng.TestNGException: 
Parameter 'os' is required by BeforeMethod on method setup but has not been marked @Optional or defined
in C:\Users\yarthanm\selenium\SeleniumTraining\testng1.xml
at java.base/java.util.ArrayList.forEach(ArrayList.java:1511)
at java.base/java.util.concurrent.FutureTask.run(FutureTask.java:264)
at java.base/java.util.concurrent.ThreadPoolExecutor.runWorker(ThreadPoolExecutor.java:1136)
at java.base/java.util.concurrent.ThreadPoolExecutor$Worker.run(ThreadPoolExecutor.java:635)
at java.base/java.lang.Thread.run(Thread.java:833)
... Removed 19 stack frames]]>
    </failure>
  </testcase> <!-- @BeforeMethod setup -->
  <testcase classname="day5.SeleniumGridDemo" name="@AfterMethod teardown" time="-1.669271885146E9">
    <skipped/>
  </testcase> <!-- @AfterMethod teardown -->
  <testcase classname="day5.SeleniumGridDemo" name="test" time="0.0">
    <skipped/>
  </testcase> <!-- test -->
</testsuite> <!-- Test1 -->
