<?xml version="1.0" encoding="UTF-8"?>
<!-- Generated by org.testng.reporters.JUnitXMLReporter -->
<testsuite ignored="0" hostname="WKWZTS8bfHZTnVQ" failures="0" tests="1" name="Test 1" time="0.045" errors="0" timestamp="2022-11-24T11:56:31 IST">
  <testcase classname="day5.SeleniumGridDemo" name="@BeforeMethod setup" time="-1.669271191164E9">
    <failure type="org.testng.TestNGException" message="
Parameter &amp;apos;os&amp;apos; is required by BeforeMethod on method setup but has not been marked @Optional or defined
in C:\Users\yarthanm\selenium\SeleniumTraining\testng1.xml">
      <![CDATA[org.testng.TestNGException: 
Parameter 'os' is required by BeforeMethod on method setup but has not been marked @Optional or defined
in C:\Users\yarthanm\selenium\SeleniumTraining\testng1.xml
at java.base/java.util.ArrayList.forEach(ArrayList.java:1511)
... Removed 28 stack frames]]>
    </failure>
  </testcase> <!-- @BeforeMethod setup -->
  <testcase classname="day5.SeleniumGridDemo" name="@AfterMethod teardown" time="-1.669271191183E9">
    <skipped/>
  </testcase> <!-- @AfterMethod teardown -->
  <testcase classname="day5.SeleniumGridDemo" name="test" time="0.0">
    <skipped/>
  </testcase> <!-- test -->
</testsuite> <!-- Test 1 -->
