<?xml version="1.0" encoding="UTF-8"?>
<!-- Generated by org.testng.reporters.JUnitXMLReporter -->
<testsuite ignored="0" hostname="WKWZTS8bfHZTnVQ" failures="1" tests="5" name="Command line test" time="0.046" errors="0" timestamp="2022-11-23T15:59:22 IST">
  <testcase classname="day3.CrossBrowserTest" name="loginTest" time="0.0">
    <failure type="org.testng.TestNGException" message="
Parameter &amp;apos;browser&amp;apos; is required by @Test on method loginTest but has not been marked @Optional or defined
">
      <![CDATA[org.testng.TestNGException: 
Parameter 'browser' is required by @Test on method loginTest but has not been marked @Optional or defined

at java.base/java.util.ArrayList.forEach(ArrayList.java:1541)
... Removed 36 stack frames]]>
    </failure>
  </testcase> <!-- loginTest -->
  <testcase classname="day3.TestNG1" name="createAccount" time="0.005"/>
  <testcase classname="day3.TestNG1" name="deleteAccount" time="0.0"/>
  <testcase classname="day3.TestNG1" name="logoutAccount" time="0.0"/>
  <testcase classname="day3.TestNG1" name="login" time="0.0"/>
</testsuite> <!-- Command line test -->
